[1] 获取 access_token...
  ✅ 成功
[2] 递归获取所有部门...
  ✅ 共 28 个部门
[3] 获取所有员工...
  ✅ 共 111 名员工（去重后）
[4] 获取考勤组配置...
  查询用户考勤组: 20/111...
  查询用户考勤组: 40/111...
  查询用户考勤组: 60/111...
  查询用户考勤组: 80/111...
  查询用户考勤组: 100/111...
  ✅ 111 人有所属考勤组, 共 14 个不同考勤组
  查询班次详情: 21 个班次...
  ✅ 班次时间: 21 个
  ✅ 工作日配置: FIXED=46人 TURN=63人 NONE=1人
  ✅ 班制时间: 109人
  查询每日排班...
  ✅ 每日排班: 46人
[5] 获取考勤记录...
  ✅ 共 1019 条记录
[6] 整理考勤数据...
  ✅ 考勤记录覆盖 101 人
  ✅ 排班制匹配: 66 天（59 人）
  ✅ 手动补充排班: 15 人
  ✅ 强制排班制: 28 人
[7] 获取OA请假审批（2026-04-04 ~ 2026-07-08）...
    OA分段: 2026-04-03~2026-05-02
    OA分段: 2026-05-03~2026-06-01
    OA分段: 2026-06-02~2026-07-01
    OA分段: 2026-07-02~2026-07-08
  ✅ 请假覆盖 138 个日期（40 人），跳过 3 个休息日请假
[8] 获取OA外出审批...
  ✅ 外出覆盖 57 个日期（28 人）
[9] 获取OA出差审批...
  ✅ 出差覆盖 9 个日期（5 人）
[10] 获取OA加班审批...
  ✅ 加班覆盖 24 个日期（9 人）

🎉 同步完成！输出: /Users/wentishaonv/Desktop/OTMS/dingtalk_data.json
  部门: 28 个, 员工: 111 人, 考勤: 1019 条

=== 今日在岗状态 ===
  张毅: ✅在岗 / 正常
  黄一萧: ✅在岗 / 正常
  郭双红: ✅在岗 / 正常
  周梓荣: ✅在岗 / 正常
  陈一卓: ✅在岗 / 正常
  吴靖娴: ✅在岗 / 正常
  杨崴: 📝请假 / 年假
  王雷: ✅在岗 / 正常
  葛豪平: ✅在岗 / 正常
  张祥: ✅在岗 / 正常
  毛华英: ✅在岗 / 正常
  杨漾: ✅在岗 / 正常
  裘碧钰: ✅在岗 / 正常
  郑昌杰: ✅在岗 / 正常
  卢素丹: ✅在岗 / 正常
  沈丽霞: ✅在岗 / 正常
  侯心怡: ✅在岗 / 正常
  王倩: ✅在岗 / 正常
  贾东升: ✅在岗 / 正常
  罗俊尧: ✅在岗 / 正常
  吕相坠: ✅在岗 / 正常
  林知峰: ✅在岗 / 迟到
  董宾宾: ✅在岗 / 正常
  党红艳: ✅在岗 / 正常
  吴立军: ✅在岗 / 正常
  韩喆: ✅在岗 / 正常
  苏坤: ✅在岗 / 正常
  邵吴慧: ✅在岗 / 迟到
  武敏辉: ✅在岗 / 正常
  杜宪: ✅在岗 / 正常
  李萍萍: ✅在岗 / 迟到
  周凯楠: ✅在岗 / 正常
  汪顺: ✅在岗 / 正常
  王力: 📝请假 / 病假
  程璐: ✅在岗 / 正常
  王韬: ✅在岗 / 正常
  方有保: ✅在岗 / 正常
  胡金明: ✅在岗 / 正常
  金学忠: ✅在岗 / 正常
  贾飞龙: ✅在岗 / 正常
  朱鑫沛: ✅在岗 / 正常
  安东生: 🚶外勤 / 外出
  庄艳林: ✅在岗 / 正常
  黄连兵: ✅在岗 / 正常
  谢小强: ✅在岗 / 正常
  史文奎: ✅在岗 / 正常
  吴骏: ✅在岗 / 正常
  胡程林: ✅在岗 / 正常
  姚伟: ✅在岗 / 正常
  朱朝甫: ✅在岗 / 正常
  李军立: ✅在岗 / 正常
  胡保林: ✅在岗 / 正常
  蒋团伟: ✅在岗 / 正常
  梁晓永: ✅在岗 / 正常
  丁国朝: ✅在岗 / 正常
  胡红卫: ✅在岗 / 正常
  杨永宁: ✅在岗 / 正常
  刘曦文: ✅在岗 / 正常
  孔令波: ✅在岗 / 正常
  贾元录: ✅在岗 / 正常
  李俭波: ✅在岗 / 正常
  刘鹏: ✅在岗 / 正常
  吉庆: ✅在岗 / 正常
  李浩涵: ✅在岗 / 正常
  卢奕含: ✅在岗 / 正常
  贾康: ✅在岗 / 正常
  李继承: ✅在岗 / 正常
  王海涛: ✅在岗 / 正常
  马金超: ✅在岗 / 正常
  李龙: ✅在岗 / 正常
  宋英杰: ✅在岗 / 正常
  李威威: ✅在岗 / 正常
  朱家良: ✅在岗 / 正常
  许磊: ✅在岗 / 正常
  徐刘岸: ✅在岗 / 正常
  杨永奋: ✅在岗 / 正常
  安文波: ✅在岗 / 正常
  王玉玺: ✅在岗 / 正常
  宣国英: ✅在岗 / 正常
  丁成英: ✅在岗 / 正常
  高玉玲: ✅在岗 / 正常
  孙建芳: ✅在岗 / 正常
  殷德昌: ✅在岗 / 正常
  翟建设: ✅在岗 / 正常
  徐培珍: ✅在岗 / 正常
  王建平: ✅在岗 / 正常
  施玉芹: ✅在岗 / 正常
  张林梅: ✅在岗 / 正常
  刘顺兰: ✅在岗 / 正常
  高光付: ✅在岗 / 正常
  肖德云: ✅在岗 / 正常
  王妤扬: ✅在岗 / 正常
  季文菊: ✅在岗 / 正常
  赵柳文: ✅在岗 / 正常
  陈圆: ✅在岗 / 正常
  安子玥: 📝请假 / 病假
  陈双杰: ✅在岗 / 正常
  黄燕婷: ✅在岗 / 正常
  賴淑賢: ✅在岗 / 正常
  蔡心宇: ✅在岗 / 正常
  王永佳: ✅在岗 / 正常
  韩燕: ✅在岗 / 正常
  芦智蔚: ✅在岗 / 外出
  李蕾: ✅在岗 / 正常
  黄欢欢: ✅在岗 / 正常
  沈明明: ✅在岗 / 正常
  季嘉莉: ✅在岗 / 正常
  李佳: ✅在岗 / 正常
  陈锦: ✅在岗 / 正常
  蒋孝峰: ✅在岗 / 正常
  杨美玲: ✅在岗 / 正常

🚀 已推送到 GitHub Pages
--- 2026年 7月 8日 星期三 10时42分25秒 CST ---
